2024-02-11 18:49:39 [restartedMain] INFO  o.y.s.SpringHw5NotesApplication - Starting SpringHw5NotesApplication using Java 21.0.2 with PID 10244 (C:\Users\YouJhin\Desktop\SpringHw5Notes\target\classes started by YouJhin in C:\Users\YouJhin\Desktop\SpringHw5Notes)
2024-02-11 18:49:39 [restartedMain] INFO  o.y.s.SpringHw5NotesApplication - No active profile set, falling back to 1 default profile: "default"
2024-02-11 18:49:39 [restartedMain] INFO  o.s.b.d.e.DevToolsPropertyDefaultsPostProcessor - Devtools property defaults active! Set 'spring.devtools.add-properties' to 'false' to disable
2024-02-11 18:49:39 [restartedMain] INFO  o.s.b.d.e.DevToolsPropertyDefaultsPostProcessor - For additional web related logging consider setting the 'logging.level.web' property to 'DEBUG'
2024-02-11 18:49:40 [restartedMain] INFO  o.s.d.r.c.RepositoryConfigurationDelegate - Multiple Spring Data modules found, entering strict repository configuration mode
2024-02-11 18:49:40 [restartedMain] INFO  o.s.d.r.c.RepositoryConfigurationDelegate - Bootstrapping Spring Data JDBC repositories in DEFAULT mode.
2024-02-11 18:49:40 [restartedMain] INFO  o.s.d.r.c.RepositoryConfigurationExtensionSupport - Spring Data JDBC - Could not safely identify store assignment for repository candidate interface org.youjhin.springhw5notes.repository.NoteRepository; If you want this repository to be a JDBC repository, consider annotating your entities with one of these annotations: org.springframework.data.relational.core.mapping.Table.
2024-02-11 18:49:40 [restartedMain] INFO  o.s.d.r.c.RepositoryConfigurationExtensionSupport - Spring Data JDBC - Could not safely identify store assignment for repository candidate interface org.youjhin.springhw5notes.repository.UserRepository; If you want this repository to be a JDBC repository, consider annotating your entities with one of these annotations: org.springframework.data.relational.core.mapping.Table.
2024-02-11 18:49:40 [restartedMain] INFO  o.s.d.r.c.RepositoryConfigurationExtensionSupport - Spring Data JDBC - Could not safely identify store assignment for repository candidate interface org.youjhin.springhw5notes.repository.WorkersRepository; If you want this repository to be a JDBC repository, consider annotating your entities with one of these annotations: org.springframework.data.relational.core.mapping.Table.
2024-02-11 18:49:40 [restartedMain] INFO  o.s.d.r.c.RepositoryConfigurationDelegate - Finished Spring Data repository scanning in 47 ms. Found 0 JDBC repository interfaces.
2024-02-11 18:49:40 [restartedMain] INFO  o.s.d.r.c.RepositoryConfigurationDelegate - Multiple Spring Data modules found, entering strict repository configuration mode
2024-02-11 18:49:40 [restartedMain] INFO  o.s.d.r.c.RepositoryConfigurationDelegate - Bootstrapping Spring Data JPA repositories in DEFAULT mode.
2024-02-11 18:49:40 [restartedMain] INFO  o.s.d.r.c.RepositoryConfigurationDelegate - Finished Spring Data repository scanning in 42 ms. Found 3 JPA repository interfaces.
2024-02-11 18:49:41 [restartedMain] INFO  o.s.b.w.e.tomcat.TomcatWebServer - Tomcat initialized with port 8080 (http)
2024-02-11 18:49:41 [restartedMain] INFO  o.a.coyote.http11.Http11NioProtocol - Initializing ProtocolHandler ["http-nio-8080"]
2024-02-11 18:49:41 [restartedMain] INFO  o.a.catalina.core.StandardService - Starting service [Tomcat]
2024-02-11 18:49:41 [restartedMain] INFO  o.a.catalina.core.StandardEngine - Starting Servlet engine: [Apache Tomcat/10.1.18]
2024-02-11 18:49:41 [restartedMain] INFO  o.a.c.c.C.[Tomcat].[localhost].[/] - Initializing Spring embedded WebApplicationContext
2024-02-11 18:49:41 [restartedMain] INFO  o.s.b.w.s.c.ServletWebServerApplicationContext - Root WebApplicationContext: initialization completed in 2620 ms
2024-02-11 18:49:42 [restartedMain] INFO  o.h.jpa.internal.util.LogHelper - HHH000204: Processing PersistenceUnitInfo [name: default]
2024-02-11 18:49:42 [restartedMain] INFO  org.hibernate.Version - HHH000412: Hibernate ORM core version 6.4.1.Final
2024-02-11 18:49:42 [restartedMain] INFO  o.h.c.i.RegionFactoryInitiator - HHH000026: Second-level cache disabled
2024-02-11 18:49:42 [restartedMain] INFO  o.s.o.j.p.SpringPersistenceUnitInfo - No LoadTimeWeaver setup: ignoring JPA class transformer
2024-02-11 18:49:42 [restartedMain] INFO  com.zaxxer.hikari.HikariDataSource - HikariPool-1 - Starting...
2024-02-11 18:49:43 [restartedMain] INFO  com.zaxxer.hikari.pool.HikariPool - HikariPool-1 - Added connection com.mysql.cj.jdbc.ConnectionImpl@54a02d0d
2024-02-11 18:49:43 [restartedMain] INFO  com.zaxxer.hikari.HikariDataSource - HikariPool-1 - Start completed.
2024-02-11 18:49:43 [restartedMain] WARN  org.hibernate.orm.deprecation - HHH90000025: MySQL8Dialect does not need to be specified explicitly using 'hibernate.dialect' (remove the property setting and it will be selected by default)
2024-02-11 18:49:43 [restartedMain] WARN  org.hibernate.orm.deprecation - HHH90000026: MySQL8Dialect has been deprecated; use org.hibernate.dialect.MySQLDialect instead
2024-02-11 18:49:44 [restartedMain] INFO  o.h.e.t.j.p.i.JtaPlatformInitiator - HHH000489: No JTA platform available (set 'hibernate.transaction.jta.platform' to enable JTA platform integration)
2024-02-11 18:49:44 [restartedMain] INFO  o.s.o.j.LocalContainerEntityManagerFactoryBean - Initialized JPA EntityManagerFactory for persistence unit 'default'
2024-02-11 18:49:45 [restartedMain] WARN  o.s.b.a.o.j.JpaBaseConfiguration$JpaWebConfiguration - spring.jpa.open-in-view is enabled by default. Therefore, database queries may be performed during view rendering. Explicitly configure spring.jpa.open-in-view to disable this warning
2024-02-11 18:49:46 [restartedMain] INFO  o.s.s.w.DefaultSecurityFilterChain - Will secure any request with [org.springframework.security.web.session.DisableEncodeUrlFilter@2ffb53aa, org.springframework.security.web.context.request.async.WebAsyncManagerIntegrationFilter@5aeb8450, org.springframework.security.web.context.SecurityContextHolderFilter@5661e22f, org.springframework.security.web.header.HeaderWriterFilter@1260235a, org.springframework.web.filter.CorsFilter@50967805, org.springframework.security.web.authentication.logout.LogoutFilter@1ac54785, org.springframework.security.web.authentication.UsernamePasswordAuthenticationFilter@7d26f278, org.springframework.security.web.savedrequest.RequestCacheAwareFilter@5f761e76, org.springframework.security.web.servletapi.SecurityContextHolderAwareRequestFilter@40f8f73a, org.springframework.security.web.authentication.AnonymousAuthenticationFilter@13936c1f, org.springframework.security.web.access.ExceptionTranslationFilter@151bd909, org.springframework.security.web.access.intercept.AuthorizationFilter@5e41fc6a]
2024-02-11 18:49:47 [restartedMain] INFO  o.s.b.d.a.OptionalLiveReloadServer - LiveReload server is running on port 35729
2024-02-11 18:49:47 [restartedMain] INFO  o.a.coyote.http11.Http11NioProtocol - Starting ProtocolHandler ["http-nio-8080"]
2024-02-11 18:49:47 [restartedMain] INFO  o.s.b.w.e.tomcat.TomcatWebServer - Tomcat started on port 8080 (http) with context path ''
2024-02-11 18:49:47 [restartedMain] INFO  o.y.s.SpringHw5NotesApplication - Started SpringHw5NotesApplication in 10.47 seconds (process running for 11.703)
2024-02-11 18:49:52 [SpringApplicationShutdownHook] INFO  o.s.o.j.LocalContainerEntityManagerFactoryBean - Closing JPA EntityManagerFactory for persistence unit 'default'
2024-02-11 18:49:52 [SpringApplicationShutdownHook] INFO  com.zaxxer.hikari.HikariDataSource - HikariPool-1 - Shutdown initiated...
2024-02-11 18:49:52 [SpringApplicationShutdownHook] INFO  com.zaxxer.hikari.HikariDataSource - HikariPool-1 - Shutdown completed.
2024-02-11 18:51:00 [restartedMain] INFO  o.y.s.SpringHw5NotesApplication - Starting SpringHw5NotesApplication using Java 21.0.2 with PID 13492 (C:\Users\YouJhin\Desktop\SpringHw5Notes\target\classes started by YouJhin in C:\Users\YouJhin\Desktop\SpringHw5Notes)
2024-02-11 18:51:00 [restartedMain] INFO  o.y.s.SpringHw5NotesApplication - No active profile set, falling back to 1 default profile: "default"
2024-02-11 18:51:00 [restartedMain] INFO  o.s.b.d.e.DevToolsPropertyDefaultsPostProcessor - Devtools property defaults active! Set 'spring.devtools.add-properties' to 'false' to disable
2024-02-11 18:51:00 [restartedMain] INFO  o.s.b.d.e.DevToolsPropertyDefaultsPostProcessor - For additional web related logging consider setting the 'logging.level.web' property to 'DEBUG'
2024-02-11 18:51:01 [restartedMain] INFO  o.s.d.r.c.RepositoryConfigurationDelegate - Multiple Spring Data modules found, entering strict repository configuration mode
2024-02-11 18:51:01 [restartedMain] INFO  o.s.d.r.c.RepositoryConfigurationDelegate - Bootstrapping Spring Data JDBC repositories in DEFAULT mode.
2024-02-11 18:51:01 [restartedMain] INFO  o.s.d.r.c.RepositoryConfigurationExtensionSupport - Spring Data JDBC - Could not safely identify store assignment for repository candidate interface org.youjhin.springhw5notes.repository.NoteRepository; If you want this repository to be a JDBC repository, consider annotating your entities with one of these annotations: org.springframework.data.relational.core.mapping.Table.
2024-02-11 18:51:01 [restartedMain] INFO  o.s.d.r.c.RepositoryConfigurationExtensionSupport - Spring Data JDBC - Could not safely identify store assignment for repository candidate interface org.youjhin.springhw5notes.repository.UserRepository; If you want this repository to be a JDBC repository, consider annotating your entities with one of these annotations: org.springframework.data.relational.core.mapping.Table.
2024-02-11 18:51:01 [restartedMain] INFO  o.s.d.r.c.RepositoryConfigurationExtensionSupport - Spring Data JDBC - Could not safely identify store assignment for repository candidate interface org.youjhin.springhw5notes.repository.WorkersRepository; If you want this repository to be a JDBC repository, consider annotating your entities with one of these annotations: org.springframework.data.relational.core.mapping.Table.
2024-02-11 18:51:01 [restartedMain] INFO  o.s.d.r.c.RepositoryConfigurationDelegate - Finished Spring Data repository scanning in 70 ms. Found 0 JDBC repository interfaces.
2024-02-11 18:51:01 [restartedMain] INFO  o.s.d.r.c.RepositoryConfigurationDelegate - Multiple Spring Data modules found, entering strict repository configuration mode
2024-02-11 18:51:01 [restartedMain] INFO  o.s.d.r.c.RepositoryConfigurationDelegate - Bootstrapping Spring Data JPA repositories in DEFAULT mode.
2024-02-11 18:51:01 [restartedMain] INFO  o.s.d.r.c.RepositoryConfigurationDelegate - Finished Spring Data repository scanning in 58 ms. Found 3 JPA repository interfaces.
2024-02-11 18:51:02 [restartedMain] INFO  o.s.b.w.e.tomcat.TomcatWebServer - Tomcat initialized with port 8080 (http)
2024-02-11 18:51:02 [restartedMain] INFO  o.a.coyote.http11.Http11NioProtocol - Initializing ProtocolHandler ["http-nio-8080"]
2024-02-11 18:51:02 [restartedMain] INFO  o.a.catalina.core.StandardService - Starting service [Tomcat]
2024-02-11 18:51:02 [restartedMain] INFO  o.a.catalina.core.StandardEngine - Starting Servlet engine: [Apache Tomcat/10.1.18]
2024-02-11 18:51:03 [restartedMain] INFO  o.a.c.c.C.[Tomcat].[localhost].[/] - Initializing Spring embedded WebApplicationContext
2024-02-11 18:51:03 [restartedMain] INFO  o.s.b.w.s.c.ServletWebServerApplicationContext - Root WebApplicationContext: initialization completed in 2594 ms
2024-02-11 18:51:03 [restartedMain] INFO  o.h.jpa.internal.util.LogHelper - HHH000204: Processing PersistenceUnitInfo [name: default]
2024-02-11 18:51:03 [restartedMain] INFO  org.hibernate.Version - HHH000412: Hibernate ORM core version 6.4.1.Final
2024-02-11 18:51:03 [restartedMain] INFO  o.h.c.i.RegionFactoryInitiator - HHH000026: Second-level cache disabled
2024-02-11 18:51:03 [restartedMain] INFO  o.s.o.j.p.SpringPersistenceUnitInfo - No LoadTimeWeaver setup: ignoring JPA class transformer
2024-02-11 18:51:03 [restartedMain] INFO  com.zaxxer.hikari.HikariDataSource - HikariPool-1 - Starting...
2024-02-11 18:51:04 [restartedMain] INFO  com.zaxxer.hikari.pool.HikariPool - HikariPool-1 - Added connection com.mysql.cj.jdbc.ConnectionImpl@54bc3df
2024-02-11 18:51:04 [restartedMain] INFO  com.zaxxer.hikari.HikariDataSource - HikariPool-1 - Start completed.
2024-02-11 18:51:04 [restartedMain] WARN  org.hibernate.orm.deprecation - HHH90000025: MySQL8Dialect does not need to be specified explicitly using 'hibernate.dialect' (remove the property setting and it will be selected by default)
2024-02-11 18:51:04 [restartedMain] WARN  org.hibernate.orm.deprecation - HHH90000026: MySQL8Dialect has been deprecated; use org.hibernate.dialect.MySQLDialect instead
2024-02-11 18:51:05 [restartedMain] INFO  o.h.e.t.j.p.i.JtaPlatformInitiator - HHH000489: No JTA platform available (set 'hibernate.transaction.jta.platform' to enable JTA platform integration)
2024-02-11 18:51:05 [restartedMain] INFO  o.s.o.j.LocalContainerEntityManagerFactoryBean - Initialized JPA EntityManagerFactory for persistence unit 'default'
2024-02-11 18:51:07 [restartedMain] WARN  o.s.b.a.o.j.JpaBaseConfiguration$JpaWebConfiguration - spring.jpa.open-in-view is enabled by default. Therefore, database queries may be performed during view rendering. Explicitly configure spring.jpa.open-in-view to disable this warning
2024-02-11 18:51:07 [restartedMain] INFO  o.s.s.w.DefaultSecurityFilterChain - Will secure any request with [org.springframework.security.web.session.DisableEncodeUrlFilter@1942efc4, org.springframework.security.web.context.request.async.WebAsyncManagerIntegrationFilter@35121693, org.springframework.security.web.context.SecurityContextHolderFilter@484228, org.springframework.security.web.header.HeaderWriterFilter@51eb87db, org.springframework.web.filter.CorsFilter@60c9822e, org.springframework.security.web.authentication.logout.LogoutFilter@28c187e4, org.springframework.security.web.authentication.UsernamePasswordAuthenticationFilter@55dd92f7, org.springframework.security.web.savedrequest.RequestCacheAwareFilter@33ed8e7b, org.springframework.security.web.servletapi.SecurityContextHolderAwareRequestFilter@2b0352e1, org.springframework.security.web.authentication.AnonymousAuthenticationFilter@4c0c144b, org.springframework.security.web.access.ExceptionTranslationFilter@34db27a1, org.springframework.security.web.access.intercept.AuthorizationFilter@1a3375bc]
2024-02-11 18:51:09 [restartedMain] INFO  o.s.b.d.a.OptionalLiveReloadServer - LiveReload server is running on port 35729
2024-02-11 18:51:09 [restartedMain] INFO  o.a.coyote.http11.Http11NioProtocol - Starting ProtocolHandler ["http-nio-8080"]
2024-02-11 18:51:09 [restartedMain] INFO  o.s.b.w.e.tomcat.TomcatWebServer - Tomcat started on port 8080 (http) with context path ''
2024-02-11 18:51:09 [restartedMain] INFO  o.y.s.SpringHw5NotesApplication - Started SpringHw5NotesApplication in 9.463 seconds (process running for 10.463)
2024-02-11 18:54:02 [http-nio-8080-exec-1] INFO  o.a.c.c.C.[Tomcat].[localhost].[/] - Initializing Spring DispatcherServlet 'dispatcherServlet'
2024-02-11 18:54:02 [http-nio-8080-exec-1] INFO  o.s.web.servlet.DispatcherServlet - Initializing Servlet 'dispatcherServlet'
2024-02-11 18:54:02 [http-nio-8080-exec-1] INFO  o.s.web.servlet.DispatcherServlet - Completed initialization in 2 ms
2024-02-11 18:54:11 [http-nio-8080-exec-2] INFO  o.y.s.aop.UserActionLoggingAspect - Вызов метода: getAllNotes
2024-02-11 18:54:11 [http-nio-8080-exec-2] INFO  o.y.s.aop.UserActionLoggingAspect - Метод успешно выполнен: getAllNotes
2024-02-11 18:54:57 [http-nio-8080-exec-5] INFO  o.y.s.aop.UserActionLoggingAspect - Вызов метода: createNote
2024-02-11 18:54:57 [http-nio-8080-exec-5] INFO  o.y.s.aop.UserActionLoggingAspect - Метод успешно выполнен: createNote
2024-02-11 18:54:57 [http-nio-8080-exec-6] INFO  o.y.s.aop.UserActionLoggingAspect - Вызов метода: getAllNotes
2024-02-11 18:54:57 [http-nio-8080-exec-6] INFO  o.y.s.aop.UserActionLoggingAspect - Метод успешно выполнен: getAllNotes
2024-02-11 18:55:31 [http-nio-8080-exec-8] INFO  o.y.s.aop.UserActionLoggingAspect - Вызов метода: getNotesByStatus
2024-02-11 18:55:31 [http-nio-8080-exec-8] INFO  o.y.s.aop.UserActionLoggingAspect - Метод успешно выполнен: getNotesByStatus
2024-02-11 18:55:37 [http-nio-8080-exec-9] INFO  o.y.s.aop.UserActionLoggingAspect - Вызов метода: getAllNotes
2024-02-11 18:55:37 [http-nio-8080-exec-9] INFO  o.y.s.aop.UserActionLoggingAspect - Метод успешно выполнен: getAllNotes
2024-02-11 18:56:28 [http-nio-8080-exec-10] INFO  o.y.s.aop.UserActionLoggingAspect - Вызов метода: updateStatusNote
2024-02-11 18:56:28 [http-nio-8080-exec-10] INFO  o.y.s.aop.UserActionLoggingAspect - Метод успешно выполнен: updateStatusNote
2024-02-11 18:56:28 [http-nio-8080-exec-1] INFO  o.y.s.aop.UserActionLoggingAspect - Вызов метода: getAllNotes
2024-02-11 18:56:28 [http-nio-8080-exec-1] INFO  o.y.s.aop.UserActionLoggingAspect - Метод успешно выполнен: getAllNotes
2024-02-11 18:56:38 [http-nio-8080-exec-2] INFO  o.y.s.aop.UserActionLoggingAspect - Вызов метода: deleteNote
2024-02-11 18:56:38 [http-nio-8080-exec-2] INFO  o.y.s.aop.UserActionLoggingAspect - Метод успешно выполнен: deleteNote
2024-02-11 18:56:38 [http-nio-8080-exec-4] INFO  o.y.s.aop.UserActionLoggingAspect - Вызов метода: getAllNotes
2024-02-11 18:56:38 [http-nio-8080-exec-4] INFO  o.y.s.aop.UserActionLoggingAspect - Метод успешно выполнен: getAllNotes
2024-02-11 18:57:47 [SpringApplicationShutdownHook] INFO  o.s.o.j.LocalContainerEntityManagerFactoryBean - Closing JPA EntityManagerFactory for persistence unit 'default'
2024-02-11 18:57:47 [SpringApplicationShutdownHook] INFO  com.zaxxer.hikari.HikariDataSource - HikariPool-1 - Shutdown initiated...
2024-02-11 18:57:47 [SpringApplicationShutdownHook] INFO  com.zaxxer.hikari.HikariDataSource - HikariPool-1 - Shutdown completed.
